<?xml version="1.0" encoding="UTF-8"?>
<testsuite name="cutter.ComparisonTest" tests="1" skipped="0" failures="0" errors="0" timestamp="2016-11-18T17:10:15" hostname="LAPTOP-48JFAUP7" time="0.017">
  <properties/>
  <testcase name="speedImprovementIsGreaterThan10FoldWhenLengthIs7" classname="cutter.ComparisonTest" time="0.017"/>
  <system-out><![CDATA[]]></system-out>
  <system-err><![CDATA[]]></system-err>
</testsuite>
