<?xml version="1.0" encoding="UTF-8"?>
<testsuite name="cutter.CutterTest" tests="9" skipped="0" failures="0" errors="0" timestamp="2016-11-18T17:10:15" hostname="LAPTOP-48JFAUP7" time="0.012">
  <properties/>
  <testcase name="canary" classname="cutter.CutterTest" time="0.0"/>
  <testcase name="checkCutRodWhenLengthIs0" classname="cutter.CutterTest" time="0.0"/>
  <testcase name="checkCutRodWhenLengthIs1" classname="cutter.CutterTest" time="0.0"/>
  <testcase name="checkCutRodWhenLengthIs2" classname="cutter.CutterTest" time="0.001"/>
  <testcase name="checkCutRodWhenLengthIs3" classname="cutter.CutterTest" time="0.0"/>
  <testcase name="checkCutRodWhenLengthIs4" classname="cutter.CutterTest" time="0.001"/>
  <testcase name="checkCutRodWhenLengthIs5" classname="cutter.CutterTest" time="0.001"/>
  <testcase name="checkCutRodWhenLengthIs6" classname="cutter.CutterTest" time="0.001"/>
  <testcase name="checkCutRodWhenLengthIs7" classname="cutter.CutterTest" time="0.002"/>
  <system-out><![CDATA[]]></system-out>
  <system-err><![CDATA[]]></system-err>
</testsuite>
